app/build/outputs/logs/manifest-merger-debug-report.txt
-- Merging decision tree log ---
manifest
ADDED from src\main\AndroidManifest.xml:2:1-345:12
	package
		ADDED from src\main\AndroidManifest.xml:3:5-29
		INJECTED from src\main\AndroidManifest.xml
		INJECTED from src\main\AndroidManifest.xml
	android:versionName
		ADDED from src\main\AndroidManifest.xml:5:5-32
		INJECTED from src\main\AndroidManifest.xml
		INJECTED from src\main\AndroidManifest.xml
	android:versionCode
		ADDED from src\main\AndroidManifest.xml:4:5-28
		INJECTED from src\main\AndroidManifest.xml
		INJECTED from src\main\AndroidManifest.xml
	xmlns:android
		ADDED from src\main\AndroidManifest.xml:2:11-69
uses-sdk
ADDED from src\main\AndroidManifest.xml:7:5-9:41
	android:targetSdkVersion
		ADDED from src\main\AndroidManifest.xml:9:9-38
		INJECTED from src\main\AndroidManifest.xml
		INJECTED from src\main\AndroidManifest.xml
	android:minSdkVersion
		ADDED from src\main\AndroidManifest.xml:8:9-34
		INJECTED from src\main\AndroidManifest.xml
		INJECTED from src\main\AndroidManifest.xml
uses-permission#android.permission.ACCESS_WIFI_STATE
ADDED from src\main\AndroidManifest.xml:11:5-76
	android:name
		ADDED from src\main\AndroidManifest.xml:11:22-73
uses-permission#android.permission.INTERNET
ADDED from src\main\AndroidManifest.xml:12:5-13:23
	android:name
		ADDED from src\main\AndroidManifest.xml:12:22-64
uses-permission#com.pos.permission.ACCESSORY_DATETIME
ADDED from src\main\AndroidManifest.xml:14:5-77
	android:name
		ADDED from src\main\AndroidManifest.xml:14:22-74
uses-permission#com.pos.permission.ACCESSORY_LED
ADDED from src\main\AndroidManifest.xml:15:5-72
	android:name
		ADDED from src\main\AndroidManifest.xml:15:22-69
uses-permission#com.pos.permission.ACCESSORY_BEEP
ADDED from src\main\AndroidManifest.xml:16:5-73
	android:name
		ADDED from src\main\AndroidManifest.xml:16:22-70
uses-permission#com.pos.permission.CARD_READER_ICC
ADDED from src\main\AndroidManifest.xml:17:5-74
	android:name
		ADDED from src\main\AndroidManifest.xml:17:22-71
uses-permission#com.pos.permission.CARD_READER_PICC
ADDED from src\main\AndroidManifest.xml:18:5-75
	android:name
		ADDED from src\main\AndroidManifest.xml:18:22-72
uses-permission#com.pos.permission.CARD_READER_MAG
ADDED from src\main\AndroidManifest.xml:19:5-74
	android:name
		ADDED from src\main\AndroidManifest.xml:19:22-71
uses-permission#com.pos.permission.COMMUNICATION
ADDED from src\main\AndroidManifest.xml:20:5-72
	android:name
		ADDED from src\main\AndroidManifest.xml:20:22-69
uses-permission#com.pos.permission.PRINTER
ADDED from src\main\AndroidManifest.xml:21:5-66
	android:name
		ADDED from src\main\AndroidManifest.xml:21:22-63
uses-permission#com.pos.permission.SECURITY
ADDED from src\main\AndroidManifest.xml:22:5-67
	android:name
		ADDED from src\main\AndroidManifest.xml:22:22-64
uses-permission#android.permission.RECEIVE_BOOT_COMPLETED
ADDED from src\main\AndroidManifest.xml:23:5-81
	android:name
		ADDED from src\main\AndroidManifest.xml:23:22-78
uses-permission#android.permission.VIBRATE
ADDED from src\main\AndroidManifest.xml:24:5-66
	android:name
		ADDED from src\main\AndroidManifest.xml:24:22-63
uses-permission#android.permission.READ_PHONE_STATE
ADDED from src\main\AndroidManifest.xml:25:5-75
	android:name
		ADDED from src\main\AndroidManifest.xml:25:22-72
uses-permission#android.permission.GET_TASKS
ADDED from src\main\AndroidManifest.xml:26:5-68
	android:name
		ADDED from src\main\AndroidManifest.xml:26:22-65
uses-permission#android.permission.READ_EXTERNAL_STORAGE
ADDED from src\main\AndroidManifest.xml:27:5-80
	android:name
		ADDED from src\main\AndroidManifest.xml:27:22-77
uses-permission#android.permission.MOUNT_UNMOUNT_FILESYSTEMS
ADDED from src\main\AndroidManifest.xml:29:5-84
	android:name
		ADDED from src\main\AndroidManifest.xml:29:22-81
uses-permission#android.permission.WRITE_EXTERNAL_STORAGE
ADDED from src\main\AndroidManifest.xml:31:5-32:23
	android:name
		ADDED from src\main\AndroidManifest.xml:31:22-78
uses-permission#android.permission.CALL_PHONE
ADDED from src\main\AndroidManifest.xml:34:5-68
	android:name
		ADDED from src\main\AndroidManifest.xml:34:22-66
uses-permission#android.permission.ACCESS_NETWORK_STATE
ADDED from src\main\AndroidManifest.xml:36:5-79
	android:name
		ADDED from src\main\AndroidManifest.xml:36:22-76
uses-permission#android.permission.MANAGE_ACCOUNTS
ADDED from src\main\AndroidManifest.xml:37:5-73
	android:name
		ADDED from src\main\AndroidManifest.xml:37:22-71
application
ADDED from src\main\AndroidManifest.xml:39:5-337:19
	android:label
		ADDED from src\main\AndroidManifest.xml:43:9-41
	android:allowBackup
		ADDED from src\main\AndroidManifest.xml:41:9-35
	android:icon
		ADDED from src\main\AndroidManifest.xml:42:9-45
	android:theme
		ADDED from src\main\AndroidManifest.xml:44:9-56
	android:name
		ADDED from src\main\AndroidManifest.xml:40:9-60
uses-library#com.pos.sdk
ADDED from src\main\AndroidManifest.xml:45:9-47:40
	android:required
		ADDED from src\main\AndroidManifest.xml:47:13-37
	android:name
		ADDED from src\main\AndroidManifest.xml:46:13-39
activity#com.example.Main.StartActivityFram
ADDED from src\main\AndroidManifest.xml:49:9-59:20
	android:label
		ADDED from src\main\AndroidManifest.xml:51:13-45
	android:launchMode
		ADDED from src\main\AndroidManifest.xml:52:13-44
	android:theme
		ADDED from src\main\AndroidManifest.xml:53:13-60
	android:name
		ADDED from src\main\AndroidManifest.xml:50:13-62
intent-filter#android.intent.action.MAIN+android.intent.category.LAUNCHER
ADDED from src\main\AndroidManifest.xml:54:13-58:29
action#android.intent.action.MAIN
ADDED from src\main\AndroidManifest.xml:55:17-69
	android:name
		ADDED from src\main\AndroidManifest.xml:55:25-66
category#android.intent.category.LAUNCHER
ADDED from src\main\AndroidManifest.xml:57:17-77
	android:name
		ADDED from src\main\AndroidManifest.xml:57:27-74
activity#com.example.Main.MipcaActivityCapture
ADDED from src\main\AndroidManifest.xml:60:9-65:20
	android:screenOrientation
		ADDED from src\main\AndroidManifest.xml:63:13-49
	android:windowSoftInputMode
		ADDED from src\main\AndroidManifest.xml:64:13-60
	android:configChanges
		ADDED from src\main\AndroidManifest.xml:62:13-63
	android:name
		ADDED from src\main\AndroidManifest.xml:61:13-65
activity#com.example.Main.MainActivity
ADDED from src\main\AndroidManifest.xml:66:9-69:20
	android:screenOrientation
		ADDED from src\main\AndroidManifest.xml:68:13-49
	android:name
		ADDED from src\main\AndroidManifest.xml:67:13-57
activity#com.example.Main.LoginActivity
ADDED from src\main\AndroidManifest.xml:70:9-73:20
	android:screenOrientation
		ADDED from src\main\AndroidManifest.xml:72:13-49
	android:name
		ADDED from src\main\AndroidManifest.xml:71:13-58
activity#com.example.Main.QuickPayActivity
ADDED from src\main\AndroidManifest.xml:74:9-78:20
	android:screenOrientation
		ADDED from src\main\AndroidManifest.xml:76:13-49
	android:theme
		ADDED from src\main\AndroidManifest.xml:77:13-44
	android:name
		ADDED from src\main\AndroidManifest.xml:75:13-61
activity#com.example.Main.SettingActivity
ADDED from src\main\AndroidManifest.xml:79:9-83:20
	android:screenOrientation
		ADDED from src\main\AndroidManifest.xml:82:13-49
	android:label
		ADDED from src\main\AndroidManifest.xml:81:13-59
	android:name
		ADDED from src\main\AndroidManifest.xml:80:13-60
activity#com.example.Main.TradingPayActivity
ADDED from src\main\AndroidManifest.xml:85:9-89:20
	android:label
		ADDED from src\main\AndroidManifest.xml:87:13-56
	android:theme
		ADDED from src\main\AndroidManifest.xml:88:13-44
	android:name
		ADDED from src\main\AndroidManifest.xml:86:13-63
activity#com.jhj.Function.TransactionRecordActivity
ADDED from src\main\AndroidManifest.xml:90:9-94:20
	android:label
		ADDED from src\main\AndroidManifest.xml:92:13-56
	android:theme
		ADDED from src\main\AndroidManifest.xml:93:13-44
	android:name
		ADDED from src\main\AndroidManifest.xml:91:13-70
activity#com.example.Main.QRcode_Activity
ADDED from src\main\AndroidManifest.xml:95:9-98:20
	android:theme
		ADDED from src\main\AndroidManifest.xml:97:13-60
	android:name
		ADDED from src\main\AndroidManifest.xml:96:13-60
service#com.jhj.servrce.UpdateService
ADDED from src\main\AndroidManifest.xml:100:9-101:19
	android:name
		ADDED from src\main\AndroidManifest.xml:100:18-62
activity#com.jhj.ViewPagerAndTabhost.MainActivity_TabHost
ADDED from src\main\AndroidManifest.xml:103:9-106:20
	android:screenOrientation
		ADDED from src\main\AndroidManifest.xml:105:13-49
	android:name
		ADDED from src\main\AndroidManifest.xml:104:13-76
activity#com.jhj.WalletActivity.WalletActivity
ADDED from src\main\AndroidManifest.xml:107:9-110:20
	android:screenOrientation
		ADDED from src\main\AndroidManifest.xml:109:13-49
	android:name
		ADDED from src\main\AndroidManifest.xml:108:13-65
activity#com.jhj.imagecycleview.ImageCycleActivity
ADDED from src\main\AndroidManifest.xml:111:9-113:20
	android:name
		ADDED from src\main\AndroidManifest.xml:112:13-69
activity#com.example.Main.MyCollectionCodeActivity
ADDED from src\main\AndroidManifest.xml:114:9-117:20
	android:screenOrientation
		ADDED from src\main\AndroidManifest.xml:116:13-49
	android:name
		ADDED from src\main\AndroidManifest.xml:115:13-69
activity#com.jhj.Function.More_Activity
ADDED from src\main\AndroidManifest.xml:118:9-121:20
	android:screenOrientation
		ADDED from src\main\AndroidManifest.xml:120:13-49
	android:name
		ADDED from src\main\AndroidManifest.xml:119:13-58
activity#com.jhj.Function.Cashier_Activity
ADDED from src\main\AndroidManifest.xml:122:9-125:20
	android:screenOrientation
		ADDED from src\main\AndroidManifest.xml:124:13-49
	android:name
		ADDED from src\main\AndroidManifest.xml:123:13-61
activity#com.jhj.Function.PhoneRechargeActivity
ADDED from src\main\AndroidManifest.xml:126:9-129:20
	android:screenOrientation
		ADDED from src\main\AndroidManifest.xml:128:13-49
	android:name
		ADDED from src\main\AndroidManifest.xml:127:13-66
activity#com.jhj.Function.PhoneRecharge_HistoryActivity
ADDED from src\main\AndroidManifest.xml:130:9-133:20
	android:screenOrientation
		ADDED from src\main\AndroidManifest.xml:132:13-49
	android:name
		ADDED from src\main\AndroidManifest.xml:131:13-74
activity#com.jhj.Function.PhoneRechargeDetailsActivity
ADDED from src\main\AndroidManifest.xml:134:9-137:20
	android:screenOrientation
		ADDED from src\main\AndroidManifest.xml:136:13-49
	android:name
		ADDED from src\main\AndroidManifest.xml:135:13-73
activity#com.jhj.Function.SingleTransferActivity
ADDED from src\main\AndroidManifest.xml:138:9-141:20
	android:screenOrientation
		ADDED from src\main\AndroidManifest.xml:140:13-49
	android:name
		ADDED from src\main\AndroidManifest.xml:139:13-67
activity#com.jhj.Function.SingleTransfer_Query_Activity
ADDED from src\main\AndroidManifest.xml:142:9-146:20
	android:screenOrientation
		ADDED from src\main\AndroidManifest.xml:144:13-49
	android:theme
		ADDED from src\main\AndroidManifest.xml:145:13-44
	android:name
		ADDED from src\main\AndroidManifest.xml:143:13-74
activity#com.jhj.Function.MyServiceProviderActivity
ADDED from src\main\AndroidManifest.xml:147:9-150:20
	android:screenOrientation
		ADDED from src\main\AndroidManifest.xml:149:13-49
	android:name
		ADDED from src\main\AndroidManifest.xml:148:13-70
activity#com.jhj.Function.ApplyCreditCardActivity
ADDED from src\main\AndroidManifest.xml:151:9-154:20
	android:screenOrientation
		ADDED from src\main\AndroidManifest.xml:153:13-49
	android:name
		ADDED from src\main\AndroidManifest.xml:152:13-68
activity#com.jhj.Function.ProductActivity
ADDED from src\main\AndroidManifest.xml:155:9-158:20
	android:screenOrientation
		ADDED from src\main\AndroidManifest.xml:157:13-49
	android:name
		ADDED from src\main\AndroidManifest.xml:156:13-60
activity#com.jhj.Function.ShopMallActivity
ADDED from src\main\AndroidManifest.xml:159:9-162:20
	android:screenOrientation
		ADDED from src\main\AndroidManifest.xml:161:13-49
	android:name
		ADDED from src\main\AndroidManifest.xml:160:13-61
activity#com.jhj.Function.ShopMall_OrderLocationActivity
ADDED from src\main\AndroidManifest.xml:163:9-166:20
	android:screenOrientation
		ADDED from src\main\AndroidManifest.xml:165:13-49
	android:name
		ADDED from src\main\AndroidManifest.xml:164:13-75
activity#com.jhj.Function.ShopMall_OrderDetailActivity
ADDED from src\main\AndroidManifest.xml:167:9-170:20
	android:screenOrientation
		ADDED from src\main\AndroidManifest.xml:169:13-49
	android:name
		ADDED from src\main\AndroidManifest.xml:168:13-73
activity#com.jhj.Function.ShopMall_OrderActivity
ADDED from src\main\AndroidManifest.xml:171:9-174:20
	android:screenOrientation
		ADDED from src\main\AndroidManifest.xml:173:13-49
	android:name
		ADDED from src\main\AndroidManifest.xml:172:13-67
activity#com.jhj.Function.RecommendActivity
ADDED from src\main\AndroidManifest.xml:175:9-178:20
	android:screenOrientation
		ADDED from src\main\AndroidManifest.xml:177:13-49
	android:name
		ADDED from src\main\AndroidManifest.xml:176:13-62
activity#com.jhj.SetUpActivity.PerfectDataActivity
ADDED from src\main\AndroidManifest.xml:179:9-182:20
	android:screenOrientation
		ADDED from src\main\AndroidManifest.xml:181:13-49
	android:name
		ADDED from src\main\AndroidManifest.xml:180:13-69
activity#com.jhj.SetUpActivity.JieSuan_Information_Activity
ADDED from src\main\AndroidManifest.xml:183:9-186:20
	android:screenOrientation
		ADDED from src\main\AndroidManifest.xml:185:13-49
	android:name
		ADDED from src\main\AndroidManifest.xml:184:13-78
activity#com.jhj.SetUpActivity.ShangHu_Information_Activity
ADDED from src\main\AndroidManifest.xml:187:9-190:20
	android:screenOrientation
		ADDED from src\main\AndroidManifest.xml:189:13-49
	android:name
		ADDED from src\main\AndroidManifest.xml:188:13-78
activity#com.jhj.SetUpActivity.ShangHuInfo_UploadPicturesActivity
ADDED from src\main\AndroidManifest.xml:191:9-194:20
	android:screenOrientation
		ADDED from src\main\AndroidManifest.xml:193:13-49
	android:name
		ADDED from src\main\AndroidManifest.xml:192:13-84
activity#com.example.Main.RegisterActivity
ADDED from src\main\AndroidManifest.xml:195:9-198:20
	android:screenOrientation
		ADDED from src\main\AndroidManifest.xml:197:13-49
	android:name
		ADDED from src\main\AndroidManifest.xml:196:13-61
activity#com.example.Main.ZhuCeActivity
ADDED from src\main\AndroidManifest.xml:199:9-202:20
	android:screenOrientation
		ADDED from src\main\AndroidManifest.xml:201:13-49
	android:name
		ADDED from src\main\AndroidManifest.xml:200:13-58
activity#com.jhj.SetUpActivity.SettingUpActivity
ADDED from src\main\AndroidManifest.xml:203:9-206:20
	android:screenOrientation
		ADDED from src\main\AndroidManifest.xml:205:13-49
	android:name
		ADDED from src\main\AndroidManifest.xml:204:13-67
activity#com.jhj.SetUpActivity.ChangePhoneNumberActivity
ADDED from src\main\AndroidManifest.xml:207:9-210:20
	android:screenOrientation
		ADDED from src\main\AndroidManifest.xml:209:13-49
	android:name
		ADDED from src\main\AndroidManifest.xml:208:13-75
activity#com.jhj.SetUpActivity.LoginPwdActivity
ADDED from src\main\AndroidManifest.xml:211:9-214:20
	android:screenOrientation
		ADDED from src\main\AndroidManifest.xml:213:13-49
	android:name
		ADDED from src\main\AndroidManifest.xml:212:13-66
activity#com.jhj.SetUpActivity.TradePwdActivity
ADDED from src\main\AndroidManifest.xml:215:9-218:20
	android:screenOrientation
		ADDED from src\main\AndroidManifest.xml:217:13-49
	android:name
		ADDED from src\main\AndroidManifest.xml:216:13-66
activity#com.jhj.SetUpActivity.ContactUsActivity
ADDED from src\main\AndroidManifest.xml:219:9-222:20
	android:screenOrientation
		ADDED from src\main\AndroidManifest.xml:221:13-49
	android:name
		ADDED from src\main\AndroidManifest.xml:220:13-67
activity#com.jhj.SetUpActivity.WebsiteActivity
ADDED from src\main\AndroidManifest.xml:223:9-226:20
	android:screenOrientation
		ADDED from src\main\AndroidManifest.xml:225:13-49
	android:name
		ADDED from src\main\AndroidManifest.xml:224:13-65
activity#com.jhj.SetUpActivity.AboutUsActivity
ADDED from src\main\AndroidManifest.xml:227:9-230:20
	android:screenOrientation
		ADDED from src\main\AndroidManifest.xml:229:13-49
	android:name
		ADDED from src\main\AndroidManifest.xml:228:13-65
activity#com.jhj.WalletActivity.TiXianActivity
ADDED from src\main\AndroidManifest.xml:231:9-234:20
	android:screenOrientation
		ADDED from src\main\AndroidManifest.xml:233:13-49
	android:name
		ADDED from src\main\AndroidManifest.xml:232:13-65
activity#com.jhj.WalletActivity.JieSuan_BankCardActivity
ADDED from src\main\AndroidManifest.xml:235:9-238:20
	android:screenOrientation
		ADDED from src\main\AndroidManifest.xml:237:13-49
	android:name
		ADDED from src\main\AndroidManifest.xml:236:13-75
activity#com.jhj.WalletActivity.JieSuan_AddBankCardActivity
ADDED from src\main\AndroidManifest.xml:239:9-242:20
	android:screenOrientation
		ADDED from src\main\AndroidManifest.xml:241:13-49
	android:name
		ADDED from src\main\AndroidManifest.xml:240:13-78
activity#com.jhj.WalletActivity.InterestIncomeActivity
ADDED from src\main\AndroidManifest.xml:243:9-246:20
	android:screenOrientation
		ADDED from src\main\AndroidManifest.xml:245:13-49
	android:name
		ADDED from src\main\AndroidManifest.xml:244:13-73
activity#com.jhj.WalletActivity.MessageCenterActivity
ADDED from src\main\AndroidManifest.xml:247:9-250:20
	android:screenOrientation
		ADDED from src\main\AndroidManifest.xml:249:13-49
	android:name
		ADDED from src\main\AndroidManifest.xml:248:13-72
activity#com.jhj.WalletActivity.MessageCenterActivity_ByTime
ADDED from src\main\AndroidManifest.xml:251:9-255:20
	android:screenOrientation
		ADDED from src\main\AndroidManifest.xml:253:13-49
	android:theme
		ADDED from src\main\AndroidManifest.xml:254:13-44
	android:name
		ADDED from src\main\AndroidManifest.xml:252:13-79
activity#com.jhj.WalletActivity.NoticeActivity
ADDED from src\main\AndroidManifest.xml:256:9-259:20
	android:screenOrientation
		ADDED from src\main\AndroidManifest.xml:258:13-49
	android:name
		ADDED from src\main\AndroidManifest.xml:257:13-65
activity#com.jhj.WalletActivity.NoticeDetailsByWebView
ADDED from src\main\AndroidManifest.xml:260:9-263:20
	android:screenOrientation
		ADDED from src\main\AndroidManifest.xml:262:13-49
	android:name
		ADDED from src\main\AndroidManifest.xml:261:13-73
activity#com.jhj.WalletActivity.RateActivity
ADDED from src\main\AndroidManifest.xml:264:9-267:20
	android:screenOrientation
		ADDED from src\main\AndroidManifest.xml:266:13-49
	android:name
		ADDED from src\main\AndroidManifest.xml:265:13-63
activity#com.jhj.WalletActivity.RechargeActivity
ADDED from src\main\AndroidManifest.xml:268:9-271:20
	android:screenOrientation
		ADDED from src\main\AndroidManifest.xml:270:13-49
	android:name
		ADDED from src\main\AndroidManifest.xml:269:13-67
activity#com.jhj.WalletActivity.PaymentActivity
ADDED from src\main\AndroidManifest.xml:272:9-275:20
	android:screenOrientation
		ADDED from src\main\AndroidManifest.xml:274:13-49
	android:name
		ADDED from src\main\AndroidManifest.xml:273:13-66
activity#com.jhj.WalletActivity.PaymentCodeActivity
ADDED from src\main\AndroidManifest.xml:276:9-279:20
	android:screenOrientation
		ADDED from src\main\AndroidManifest.xml:278:13-49
	android:name
		ADDED from src\main\AndroidManifest.xml:277:13-70
activity#com.jhj.WalletActivity.BalanceActivity
ADDED from src\main\AndroidManifest.xml:280:9-283:20
	android:screenOrientation
		ADDED from src\main\AndroidManifest.xml:282:13-49
	android:name
		ADDED from src\main\AndroidManifest.xml:281:13-66
activity#com.jhj.WalletActivity.Transfer_PayeeInfoActivity
ADDED from src\main\AndroidManifest.xml:284:9-287:20
	android:screenOrientation
		ADDED from src\main\AndroidManifest.xml:286:13-49
	android:name
		ADDED from src\main\AndroidManifest.xml:285:13-77
activity#com.jhj.WalletActivity.Transfer_TransferAmountActivity
ADDED from src\main\AndroidManifest.xml:288:9-291:20
	android:screenOrientation
		ADDED from src\main\AndroidManifest.xml:290:13-49
	android:name
		ADDED from src\main\AndroidManifest.xml:289:13-82
activity#com.jhj.wallet.FragmentActivity.WalletDetailsActivity
ADDED from src\main\AndroidManifest.xml:292:9-295:20
	android:screenOrientation
		ADDED from src\main\AndroidManifest.xml:294:13-49
	android:name
		ADDED from src\main\AndroidManifest.xml:293:13-81
activity#com.jhj.wallet.FragmentActivity.WalletDetail_TransactionDetailActivity
ADDED from src\main\AndroidManifest.xml:296:9-299:20
	android:screenOrientation
		ADDED from src\main\AndroidManifest.xml:298:13-49
	android:name
		ADDED from src\main\AndroidManifest.xml:297:13-98
activity#com.mob.tools.MobUIShell
ADDED from src\main\AndroidManifest.xml:301:9-315:20
	android:screenOrientation
		ADDED from src\main\AndroidManifest.xml:304:13-49
	android:windowSoftInputMode
		ADDED from src\main\AndroidManifest.xml:306:13-67
	android:configChanges
		ADDED from src\main\AndroidManifest.xml:303:13-74
	android:theme
		ADDED from src\main\AndroidManifest.xml:305:13-72
	android:name
		ADDED from src\main\AndroidManifest.xml:302:13-52
intent-filter#android.intent.action.VIEW+android.intent.category.BROWSABLE+android.intent.category.DEFAULT
ADDED from src\main\AndroidManifest.xml:307:13-314:29
data
ADDED from src\main\AndroidManifest.xml:308:17-60
	android:scheme
		ADDED from src\main\AndroidManifest.xml:308:23-57
action#android.intent.action.VIEW
ADDED from src\main\AndroidManifest.xml:310:17-69
	android:name
		ADDED from src\main\AndroidManifest.xml:310:25-66
category#android.intent.category.BROWSABLE
ADDED from src\main\AndroidManifest.xml:312:17-78
	android:name
		ADDED from src\main\AndroidManifest.xml:312:27-75
category#android.intent.category.DEFAULT
ADDED from src\main\AndroidManifest.xml:313:17-76
	android:name
		ADDED from src\main\AndroidManifest.xml:313:27-73
activity#com.jhjpay.zyb.wxapi.WXEntryActivity
ADDED from src\main\AndroidManifest.xml:317:9-322:75
	android:screenOrientation
		ADDED from src\main\AndroidManifest.xml:321:13-49
	android:exported
		ADDED from src\main\AndroidManifest.xml:320:13-36
	android:configChanges
		ADDED from src\main\AndroidManifest.xml:319:13-74
	android:theme
		ADDED from src\main\AndroidManifest.xml:322:13-72
	android:name
		ADDED from src\main\AndroidManifest.xml:318:13-64
intent-filter#android.intent.category.DEFAULT+com.sina.weibo.sdk.action.ACTION_SDK_REQ_ACTIVITY
ADDED from src\main\AndroidManifest.xml:325:9-329:25
action#com.sina.weibo.sdk.action.ACTION_SDK_REQ_ACTIVITY
ADDED from src\main\AndroidManifest.xml:326:13-88
	android:name
		ADDED from src\main\AndroidManifest.xml:326:21-85
meta-data#Mob-AppKey
ADDED from src\main\AndroidManifest.xml:331:9-333:45
	android:value
		ADDED from src\main\AndroidManifest.xml:333:13-42
	android:name
		ADDED from src\main\AndroidManifest.xml:332:13-38
meta-data#Mob-AppSecret
ADDED from src\main\AndroidManifest.xml:334:9-336:64
	android:value
		ADDED from src\main\AndroidManifest.xml:336:13-61
	android:name
		ADDED from src\main\AndroidManifest.xml:335:13-41
uses-permission#android.permission.CAMERA
ADDED from src\main\AndroidManifest.xml:339:5-65
	android:name
		ADDED from src\main\AndroidManifest.xml:339:22-62
uses-feature#android.hardware.camera
ADDED from src\main\AndroidManifest.xml:341:5-60
	android:name
		ADDED from src\main\AndroidManifest.xml:341:19-57
uses-feature#android.hardware.camera.autofocus
ADDED from src\main\AndroidManifest.xml:342:5-70
	android:name
		ADDED from src\main\AndroidManifest.xml:342:19-67